<?xml version="1.0" encoding="UTF-8"?>
<testsuite xmlns:xsi="http://www.w3.org/2001/XMLSchema-instance" xsi:noNamespaceSchemaLocation="https://maven.apache.org/surefire/maven-surefire-plugin/xsd/surefire-test-report.xsd" version="3.0.2" name="org.cryptomator.ui.recoverykey.AutoCompleterTest$NarrowedDownDict" time="0.012" tests="13" errors="0" skipped="0" failures="0">
  <properties>
    <property name="java.specification.version" value="22"/>
    <property name="sun.jnu.encoding" value="UTF-8"/>
    <property name="java.class.path" value="/Users/louisforrer/cryptomator/target/test-classes:/Users/louisforrer/.m2/repository/org/apache/jackrabbit/jackrabbit-webdav/2.21.22/jackrabbit-webdav-2.21.22.jar:/Users/louisforrer/.m2/repository/org/apache/httpcomponents/httpcore/4.4.16/httpcore-4.4.16.jar:/Users/louisforrer/.m2/repository/org/openjfx/javafx-base/22.0.2/javafx-base-22.0.2.jar:/Users/louisforrer/.m2/repository/org/openjfx/javafx-graphics/22.0.2/javafx-graphics-22.0.2.jar:/Users/louisforrer/.m2/repository/org/openjfx/javafx-controls/22.0.2/javafx-controls-22.0.2.jar:/Users/louisforrer/.m2/repository/org/openjfx/javafx-fxml/22.0.2/javafx-fxml-22.0.2.jar:/Users/louisforrer/.m2/repository/com/github/stephenc/jcip/jcip-annotations/1.0-1/jcip-annotations-1.0-1.jar:/Users/louisforrer/.m2/repository/com/google/guava/failureaccess/1.0.2/failureaccess-1.0.2.jar:/Users/louisforrer/.m2/repository/org/junit/jupiter/junit-jupiter/5.11.0/junit-jupiter-5.11.0.jar:/Users/louisforrer/.m2/repository/org/junit/jupiter/junit-jupiter-api/5.11.0/junit-jupiter-api-5.11.0.jar:/Users/louisforrer/.m2/repository/org/opentest4j/opentest4j/1.3.0/opentest4j-1.3.0.jar:/Users/louisforrer/.m2/repository/org/junit/platform/junit-platform-commons/1.11.0/junit-platform-commons-1.11.0.jar:/Users/louisforrer/.m2/repository/org/apiguardian/apiguardian-api/1.1.2/apiguardian-api-1.1.2.jar:/Users/louisforrer/.m2/repository/org/junit/jupiter/junit-jupiter-params/5.11.0/junit-jupiter-params-5.11.0.jar:/Users/louisforrer/.m2/repository/org/junit/jupiter/junit-jupiter-engine/5.11.0/junit-jupiter-engine-5.11.0.jar:/Users/louisforrer/.m2/repository/org/junit/platform/junit-platform-engine/1.11.0/junit-platform-engine-1.11.0.jar:/Users/louisforrer/.m2/repository/org/mockito/mockito-core/5.12.0/mockito-core-5.12.0.jar:/Users/louisforrer/.m2/repository/net/bytebuddy/byte-buddy/1.14.15/byte-buddy-1.14.15.jar:/Users/louisforrer/.m2/repository/net/bytebuddy/byte-buddy-agent/1.14.15/byte-buddy-agent-1.14.15.jar:/Users/louisforrer/.m2/repository/org/objenesis/objenesis/3.3/objenesis-3.3.jar:/Users/louisforrer/.m2/repository/org/hamcrest/hamcrest/3.0/hamcrest-3.0.jar:/Users/louisforrer/.m2/repository/org/openjfx/javafx-swing/22.0.2/javafx-swing-22.0.2.jar:/Users/louisforrer/.m2/repository/org/openjfx/javafx-swing/22.0.2/javafx-swing-22.0.2-mac-aarch64.jar:/Users/louisforrer/.m2/repository/com/google/jimfs/jimfs/1.3.0/jimfs-1.3.0.jar:"/>
    <property name="java.vm.vendor" value="Homebrew"/>
    <property name="sun.arch.data.model" value="64"/>
    <property name="java.vendor.url" value="https://github.com/Homebrew/homebrew-core/issues"/>
    <property name="user.timezone" value="America/Toronto"/>
    <property name="os.name" value="Mac OS X"/>
    <property name="java.vm.specification.version" value="22"/>
    <property name="sun.java.launcher" value="SUN_STANDARD"/>
    <property name="user.country" value="CA"/>
    <property name="sun.boot.library.path" value="/opt/homebrew/Cellar/openjdk/22.0.2/libexec/openjdk.jdk/Contents/Home/lib"/>
    <property name="sun.java.command" value="org.apache.maven.surefire.booter.ForkedBooter /Users/louisforrer/cryptomator/target/surefire 2024-10-07T11-34-31_607-jvmRun1 surefire-20241007113431737_1tmp surefire_0-20241007113431737_2tmp"/>
    <property name="http.nonProxyHosts" value="local|*.local|169.254/16|*.169.254/16"/>
    <property name="jdk.debug" value="release"/>
    <property name="surefire.test.class.path" value="/Users/louisforrer/cryptomator/target/test-classes:/Users/louisforrer/.m2/repository/org/apache/jackrabbit/jackrabbit-webdav/2.21.22/jackrabbit-webdav-2.21.22.jar:/Users/louisforrer/.m2/repository/org/apache/httpcomponents/httpcore/4.4.16/httpcore-4.4.16.jar:/Users/louisforrer/.m2/repository/org/openjfx/javafx-base/22.0.2/javafx-base-22.0.2.jar:/Users/louisforrer/.m2/repository/org/openjfx/javafx-graphics/22.0.2/javafx-graphics-22.0.2.jar:/Users/louisforrer/.m2/repository/org/openjfx/javafx-controls/22.0.2/javafx-controls-22.0.2.jar:/Users/louisforrer/.m2/repository/org/openjfx/javafx-fxml/22.0.2/javafx-fxml-22.0.2.jar:/Users/louisforrer/.m2/repository/com/github/stephenc/jcip/jcip-annotations/1.0-1/jcip-annotations-1.0-1.jar:/Users/louisforrer/.m2/repository/com/google/guava/failureaccess/1.0.2/failureaccess-1.0.2.jar:/Users/louisforrer/.m2/repository/org/junit/jupiter/junit-jupiter/5.11.0/junit-jupiter-5.11.0.jar:/Users/louisforrer/.m2/repository/org/junit/jupiter/junit-jupiter-api/5.11.0/junit-jupiter-api-5.11.0.jar:/Users/louisforrer/.m2/repository/org/opentest4j/opentest4j/1.3.0/opentest4j-1.3.0.jar:/Users/louisforrer/.m2/repository/org/junit/platform/junit-platform-commons/1.11.0/junit-platform-commons-1.11.0.jar:/Users/louisforrer/.m2/repository/org/apiguardian/apiguardian-api/1.1.2/apiguardian-api-1.1.2.jar:/Users/louisforrer/.m2/repository/org/junit/jupiter/junit-jupiter-params/5.11.0/junit-jupiter-params-5.11.0.jar:/Users/louisforrer/.m2/repository/org/junit/jupiter/junit-jupiter-engine/5.11.0/junit-jupiter-engine-5.11.0.jar:/Users/louisforrer/.m2/repository/org/junit/platform/junit-platform-engine/1.11.0/junit-platform-engine-1.11.0.jar:/Users/louisforrer/.m2/repository/org/mockito/mockito-core/5.12.0/mockito-core-5.12.0.jar:/Users/louisforrer/.m2/repository/net/bytebuddy/byte-buddy/1.14.15/byte-buddy-1.14.15.jar:/Users/louisforrer/.m2/repository/net/bytebuddy/byte-buddy-agent/1.14.15/byte-buddy-agent-1.14.15.jar:/Users/louisforrer/.m2/repository/org/objenesis/objenesis/3.3/objenesis-3.3.jar:/Users/louisforrer/.m2/repository/org/hamcrest/hamcrest/3.0/hamcrest-3.0.jar:/Users/louisforrer/.m2/repository/org/openjfx/javafx-swing/22.0.2/javafx-swing-22.0.2.jar:/Users/louisforrer/.m2/repository/org/openjfx/javafx-swing/22.0.2/javafx-swing-22.0.2-mac-aarch64.jar:/Users/louisforrer/.m2/repository/com/google/jimfs/jimfs/1.3.0/jimfs-1.3.0.jar:"/>
    <property name="sun.cpu.endian" value="little"/>
    <property name="user.home" value="/Users/louisforrer"/>
    <property name="user.language" value="fr"/>
    <property name="java.specification.vendor" value="Oracle Corporation"/>
    <property name="jdk.module.path" value="/Users/louisforrer/cryptomator/target/classes:/Users/louisforrer/.m2/repository/org/cryptomator/cryptolib/2.2.0/cryptolib-2.2.0.jar:/Users/louisforrer/.m2/repository/org/cryptomator/siv-mode/1.5.2/siv-mode-1.5.2.jar:/Users/louisforrer/.m2/repository/com/google/code/gson/gson/2.10.1/gson-2.10.1.jar:/Users/louisforrer/.m2/repository/org/cryptomator/cryptofs/2.7.0-beta1/cryptofs-2.7.0-beta1.jar:/Users/louisforrer/.m2/repository/com/github/ben-manes/caffeine/caffeine/3.1.8/caffeine-3.1.8.jar:/Users/louisforrer/.m2/repository/org/cryptomator/fuse-nio-adapter/5.0.0/fuse-nio-adapter-5.0.0.jar:/Users/louisforrer/.m2/repository/org/cryptomator/jfuse/0.7.0/jfuse-0.7.0.jar:/Users/louisforrer/.m2/repository/org/cryptomator/jfuse-api/0.7.0/jfuse-api-0.7.0.jar:/Users/louisforrer/.m2/repository/org/cryptomator/jfuse-linux-aarch64/0.7.0/jfuse-linux-aarch64-0.7.0.jar:/Users/louisforrer/.m2/repository/org/cryptomator/jfuse-linux-amd64/0.7.0/jfuse-linux-amd64-0.7.0.jar:/Users/louisforrer/.m2/repository/org/cryptomator/jfuse-mac/0.7.0/jfuse-mac-0.7.0.jar:/Users/louisforrer/.m2/repository/org/cryptomator/jfuse-win/0.7.0/jfuse-win-0.7.0.jar:/Users/louisforrer/.m2/repository/org/cryptomator/webdav-nio-adapter/2.0.6/webdav-nio-adapter-2.0.6.jar:/Users/louisforrer/.m2/repository/org/cryptomator/webdav-nio-adapter-servlet/1.2.5/webdav-nio-adapter-servlet-1.2.5.jar:/Users/louisforrer/.m2/repository/org/eclipse/jetty/jetty-server/10.0.20/jetty-server-10.0.20.jar:/Users/louisforrer/.m2/repository/org/eclipse/jetty/jetty-http/10.0.20/jetty-http-10.0.20.jar:/Users/louisforrer/.m2/repository/org/eclipse/jetty/jetty-util/10.0.20/jetty-util-10.0.20.jar:/Users/louisforrer/.m2/repository/org/eclipse/jetty/jetty-io/10.0.20/jetty-io-10.0.20.jar:/Users/louisforrer/.m2/repository/org/eclipse/jetty/toolchain/jetty-servlet-api/4.0.6/jetty-servlet-api-4.0.6.jar:/Users/louisforrer/.m2/repository/org/eclipse/jetty/jetty-servlet/10.0.20/jetty-servlet-10.0.20.jar:/Users/louisforrer/.m2/repository/org/eclipse/jetty/jetty-security/10.0.20/jetty-security-10.0.20.jar:/Users/louisforrer/.m2/repository/org/cryptomator/integrations-api/1.4.0-beta2/integrations-api-1.4.0-beta2.jar:/Users/louisforrer/.m2/repository/org/openjfx/javafx-base/22.0.2/javafx-base-22.0.2-mac-aarch64.jar:/Users/louisforrer/.m2/repository/org/openjfx/javafx-graphics/22.0.2/javafx-graphics-22.0.2-mac-aarch64.jar:/Users/louisforrer/.m2/repository/org/openjfx/javafx-controls/22.0.2/javafx-controls-22.0.2-mac-aarch64.jar:/Users/louisforrer/.m2/repository/org/openjfx/javafx-fxml/22.0.2/javafx-fxml-22.0.2-mac-aarch64.jar:/Users/louisforrer/.m2/repository/org/slf4j/slf4j-api/2.0.16/slf4j-api-2.0.16.jar:/Users/louisforrer/.m2/repository/ch/qos/logback/logback-core/1.5.7/logback-core-1.5.7.jar:/Users/louisforrer/.m2/repository/ch/qos/logback/logback-classic/1.5.7/logback-classic-1.5.7.jar:/Users/louisforrer/.m2/repository/org/apache/commons/commons-lang3/3.16.0/commons-lang3-3.16.0.jar:/Users/louisforrer/.m2/repository/io/github/coffeelibs/tiny-oauth2-client/0.8.0/tiny-oauth2-client-0.8.0.jar:/Users/louisforrer/.m2/repository/com/auth0/java-jwt/4.4.0/java-jwt-4.4.0.jar:/Users/louisforrer/.m2/repository/com/nimbusds/nimbus-jose-jwt/9.37.3/nimbus-jose-jwt-9.37.3.jar:/Users/louisforrer/.m2/repository/com/fasterxml/jackson/core/jackson-databind/2.17.2/jackson-databind-2.17.2.jar:/Users/louisforrer/.m2/repository/com/fasterxml/jackson/core/jackson-annotations/2.17.2/jackson-annotations-2.17.2.jar:/Users/louisforrer/.m2/repository/com/fasterxml/jackson/core/jackson-core/2.17.2/jackson-core-2.17.2.jar:/Users/louisforrer/.m2/repository/com/fasterxml/jackson/datatype/jackson-datatype-jsr310/2.17.2/jackson-datatype-jsr310-2.17.2.jar:/Users/louisforrer/.m2/repository/com/tobiasdiez/easybind/2.2/easybind-2.2.jar:/Users/louisforrer/.m2/repository/com/nulab-inc/zxcvbn/1.9.0/zxcvbn-1.9.0.jar:/Users/louisforrer/.m2/repository/com/google/guava/guava/33.3.0-jre/guava-33.3.0-jre.jar:/Users/louisforrer/.m2/repository/com/google/dagger/dagger/2.51.1/dagger-2.51.1.jar:/Users/louisforrer/.m2/repository/javax/inject/javax.inject/1/javax.inject-1.jar:/Users/louisforrer/.m2/repository/org/jetbrains/annotations/24.1.0/annotations-24.1.0.jar"/>
    <property name="java.version.date" value="2024-07-16"/>
    <property name="java.home" value="/opt/homebrew/Cellar/openjdk/22.0.2/libexec/openjdk.jdk/Contents/Home"/>
    <property name="file.separator" value="/"/>
    <property name="basedir" value="/Users/louisforrer/cryptomator"/>
    <property name="java.vm.compressedOopsMode" value="Zero based"/>
    <property name="line.separator" value="&#10;"/>
    <property name="java.vm.specification.vendor" value="Oracle Corporation"/>
    <property name="java.specification.name" value="Java Platform API Specification"/>
    <property name="apple.awt.application.name" value="ForkedBooter"/>
    <property name="surefire.real.class.path" value="/Users/louisforrer/.m2/repository/org/apache/maven/surefire/surefire-booter/3.4.0/surefire-booter-3.4.0.jar:/Users/louisforrer/.m2/repository/org/apache/maven/surefire/surefire-api/3.4.0/surefire-api-3.4.0.jar:/Users/louisforrer/.m2/repository/org/apache/maven/surefire/surefire-extensions-spi/3.4.0/surefire-extensions-spi-3.4.0.jar:/Users/louisforrer/.m2/repository/org/apache/maven/surefire/surefire-shared-utils/3.4.0/surefire-shared-utils-3.4.0.jar:/Users/louisforrer/.m2/repository/org/apache/maven/surefire/surefire-logger-api/3.4.0/surefire-logger-api-3.4.0.jar:/Users/louisforrer/cryptomator/target/test-classes:/Users/louisforrer/.m2/repository/org/apache/jackrabbit/jackrabbit-webdav/2.21.22/jackrabbit-webdav-2.21.22.jar:/Users/louisforrer/.m2/repository/org/apache/httpcomponents/httpcore/4.4.16/httpcore-4.4.16.jar:/Users/louisforrer/.m2/repository/org/openjfx/javafx-base/22.0.2/javafx-base-22.0.2.jar:/Users/louisforrer/.m2/repository/org/openjfx/javafx-graphics/22.0.2/javafx-graphics-22.0.2.jar:/Users/louisforrer/.m2/repository/org/openjfx/javafx-controls/22.0.2/javafx-controls-22.0.2.jar:/Users/louisforrer/.m2/repository/org/openjfx/javafx-fxml/22.0.2/javafx-fxml-22.0.2.jar:/Users/louisforrer/.m2/repository/com/github/stephenc/jcip/jcip-annotations/1.0-1/jcip-annotations-1.0-1.jar:/Users/louisforrer/.m2/repository/com/google/guava/failureaccess/1.0.2/failureaccess-1.0.2.jar:/Users/louisforrer/.m2/repository/org/junit/jupiter/junit-jupiter/5.11.0/junit-jupiter-5.11.0.jar:/Users/louisforrer/.m2/repository/org/junit/jupiter/junit-jupiter-api/5.11.0/junit-jupiter-api-5.11.0.jar:/Users/louisforrer/.m2/repository/org/opentest4j/opentest4j/1.3.0/opentest4j-1.3.0.jar:/Users/louisforrer/.m2/repository/org/junit/platform/junit-platform-commons/1.11.0/junit-platform-commons-1.11.0.jar:/Users/louisforrer/.m2/repository/org/apiguardian/apiguardian-api/1.1.2/apiguardian-api-1.1.2.jar:/Users/louisforrer/.m2/repository/org/junit/jupiter/junit-jupiter-params/5.11.0/junit-jupiter-params-5.11.0.jar:/Users/louisforrer/.m2/repository/org/junit/jupiter/junit-jupiter-engine/5.11.0/junit-jupiter-engine-5.11.0.jar:/Users/louisforrer/.m2/repository/org/junit/platform/junit-platform-engine/1.11.0/junit-platform-engine-1.11.0.jar:/Users/louisforrer/.m2/repository/org/mockito/mockito-core/5.12.0/mockito-core-5.12.0.jar:/Users/louisforrer/.m2/repository/net/bytebuddy/byte-buddy/1.14.15/byte-buddy-1.14.15.jar:/Users/louisforrer/.m2/repository/net/bytebuddy/byte-buddy-agent/1.14.15/byte-buddy-agent-1.14.15.jar:/Users/louisforrer/.m2/repository/org/objenesis/objenesis/3.3/objenesis-3.3.jar:/Users/louisforrer/.m2/repository/org/hamcrest/hamcrest/3.0/hamcrest-3.0.jar:/Users/louisforrer/.m2/repository/org/openjfx/javafx-swing/22.0.2/javafx-swing-22.0.2.jar:/Users/louisforrer/.m2/repository/org/openjfx/javafx-swing/22.0.2/javafx-swing-22.0.2-mac-aarch64.jar:/Users/louisforrer/.m2/repository/com/google/jimfs/jimfs/1.3.0/jimfs-1.3.0.jar:/Users/louisforrer/.m2/repository/org/apache/maven/surefire/surefire-junit-platform/3.4.0/surefire-junit-platform-3.4.0.jar:/Users/louisforrer/.m2/repository/org/apache/maven/surefire/common-java5/3.4.0/common-java5-3.4.0.jar:/Users/louisforrer/.m2/repository/org/junit/platform/junit-platform-launcher/1.11.0/junit-platform-launcher-1.11.0.jar"/>
    <property name="sun.management.compiler" value="HotSpot 64-Bit Tiered Compilers"/>
    <property name="ftp.nonProxyHosts" value="local|*.local|169.254/16|*.169.254/16"/>
    <property name="java.runtime.version" value="22.0.2"/>
    <property name="user.name" value="louisforrer"/>
    <property name="stdout.encoding" value="UTF-8"/>
    <property name="path.separator" value=":"/>
    <property name="os.version" value="14.1"/>
    <property name="java.runtime.name" value="OpenJDK Runtime Environment"/>
    <property name="file.encoding" value="UTF-8"/>
    <property name="java.vm.name" value="OpenJDK 64-Bit Server VM"/>
    <property name="java.vendor.version" value="Homebrew"/>
    <property name="localRepository" value="/Users/louisforrer/.m2/repository"/>
    <property name="java.vendor.url.bug" value="https://github.com/Homebrew/homebrew-core/issues"/>
    <property name="java.io.tmpdir" value="/var/folders/1p/jwn2xlys0pz7jp7f8n0d6q0m0000gn/T/"/>
    <property name="java.version" value="22.0.2"/>
    <property name="user.dir" value="/Users/louisforrer/cryptomator"/>
    <property name="os.arch" value="aarch64"/>
    <property name="java.vm.specification.name" value="Java Virtual Machine Specification"/>
    <property name="native.encoding" value="UTF-8"/>
    <property name="java.library.path" value="/Users/louisforrer/Library/Java/Extensions:/Library/Java/Extensions:/Network/Library/Java/Extensions:/System/Library/Java/Extensions:/usr/lib/java:."/>
    <property name="java.vm.info" value="mixed mode"/>
    <property name="stderr.encoding" value="UTF-8"/>
    <property name="java.vendor" value="Homebrew"/>
    <property name="java.vm.version" value="22.0.2"/>
    <property name="sun.io.unicode.encoding" value="UnicodeBig"/>
    <property name="socksNonProxyHosts" value="local|*.local|169.254/16|*.169.254/16"/>
    <property name="java.class.version" value="66.0"/>
  </properties>
  <testcase name="testNoMatchForEmptyString" classname="org.cryptomator.ui.recoverykey.AutoCompleterTest" time="0.002"/>
  <testcase name="testNoMatchInEmptyDict" classname="org.cryptomator.ui.recoverykey.AutoCompleterTest" time="0.0"/>
  <testcase name="testDontFindTeachers" classname="org.cryptomator.ui.recoverykey.AutoCompleterTest$NarrowedDownDict" time="0.0"/>
  <testcase name="testFindTeacher(String)[1]" classname="org.cryptomator.ui.recoverykey.AutoCompleterTest$NarrowedDownDict" time="0.0"/>
  <testcase name="testFindTeacher(String)[2]" classname="org.cryptomator.ui.recoverykey.AutoCompleterTest$NarrowedDownDict" time="0.0"/>
  <testcase name="testFindTame(String)[1]" classname="org.cryptomator.ui.recoverykey.AutoCompleterTest$NarrowedDownDict" time="0.0"/>
  <testcase name="testFindTame(String)[2]" classname="org.cryptomator.ui.recoverykey.AutoCompleterTest$NarrowedDownDict" time="0.0"/>
  <testcase name="testFindTame(String)[3]" classname="org.cryptomator.ui.recoverykey.AutoCompleterTest$NarrowedDownDict" time="0.0"/>
  <testcase name="testFindTame(String)[4]" classname="org.cryptomator.ui.recoverykey.AutoCompleterTest$NarrowedDownDict" time="0.001"/>
  <testcase name="testFindTeach(String)[1]" classname="org.cryptomator.ui.recoverykey.AutoCompleterTest$NarrowedDownDict" time="0.0"/>
  <testcase name="testFindTeach(String)[2]" classname="org.cryptomator.ui.recoverykey.AutoCompleterTest$NarrowedDownDict" time="0.001"/>
  <testcase name="testFindTeach(String)[3]" classname="org.cryptomator.ui.recoverykey.AutoCompleterTest$NarrowedDownDict" time="0.0"/>
  <testcase name="testFindTeach(String)[4]" classname="org.cryptomator.ui.recoverykey.AutoCompleterTest$NarrowedDownDict" time="0.0"/>
</testsuite>